<?xml version="1.0" encoding="UTF-8"?>
<!-- Generated by org.testng.reporters.JUnitXMLReporter -->
<testsuite hostname="DESKTOP-QN1NF34" ignored="0" name="Regression Validate Title Test" tests="1" failures="1" timestamp="2020-06-02T16:18:05 CEST" time="0.016" errors="0">
  <testcase name="validateTitles" time="0.004" classname="Regression.Testcase2">
    <failure type="java.lang.AssertionError" message="The following asserts failed:
	expected [Yahoo.com] but found [Gmail.com],
	image not present expected [false] but found [true],
	test box not present expected [false] but found [true]">
      <![CDATA[java.lang.AssertionError: The following asserts failed:
expected [Yahoo.com] but found [Gmail.com],
image not present expected [false] but found [true],
test box not present expected [false] but found [true]
at Regression.Testcase2.validateTitles(Testcase2.java:33)
at java.util.ArrayList.forEach(Unknown Source)
... Removed 30 stack frames]]>
    </failure>
  </testcase> <!-- validateTitles -->
</testsuite> <!-- Regression Validate Title Test -->
